[ 14%] Building CXX object CMakeFiles/matrix_api.dir/src/dense_matrix_api.cpp.o
[ 28%] Linking CXX shared library native/libmatrix.so
[ 28%] Built target matrix_api
[ 42%] Building CXX object CMakeFiles/unit_tests.dir/tests/dense_matrix_tests.cpp.o
[ 57%] Building CXX object CMakeFiles/unit_tests.dir/tests/dense_matrix_api_tests.cpp.o
[ 71%] Building CXX object CMakeFiles/unit_tests.dir/tests/dense_matrix_eigen_tests.cpp.o
[ 85%] Linking CXX executable unit_tests
[ 85%] Built target unit_tests
[100%] Generating coverage with llvm-cov
[ 33%] Built target matrix_api
[100%] Built target unit_tests
Running main() from /usr/src/debug/gtest/googletest-1.17.0/googletest/src/gtest_main.cc
[==========] Running 12 tests from 4 test suites.
[----------] Global test environment set-up.
[----------] 8 tests from DenseMatrix
[ RUN      ] DenseMatrix.BasicCtorAndAccess
[       OK ] DenseMatrix.BasicCtorAndAccess (0 ms)
[ RUN      ] DenseMatrix.MatMul_2x3_3x2_Int_AllAlgos
[       OK ] DenseMatrix.MatMul_2x3_3x2_Int_AllAlgos (0 ms)
[ RUN      ] DenseMatrix.MatMul_2x3_3x2_Double_AllAlgos
[       OK ] DenseMatrix.MatMul_2x3_3x2_Double_AllAlgos (0 ms)
[ RUN      ] DenseMatrix.IdentityRight
[       OK ] DenseMatrix.IdentityRight (0 ms)
[ RUN      ] DenseMatrix.ZeroDims
[       OK ] DenseMatrix.ZeroDims (0 ms)
[ RUN      ] DenseMatrix.MismatchThrows
[       OK ] DenseMatrix.MismatchThrows (0 ms)
[ RUN      ] DenseMatrix.AtThrows
[       OK ] DenseMatrix.AtThrows (0 ms)
[ RUN      ] DenseMatrix.SafeCountOverflow
[       OK ] DenseMatrix.SafeCountOverflow (0 ms)
[----------] 8 tests from DenseMatrix (0 ms total)

[----------] 1 test from DenseMatrix_Nested
[ RUN      ] DenseMatrix_Nested.Multiply_1x2_by_2x1
[       OK ] DenseMatrix_Nested.Multiply_1x2_by_2x1 (0 ms)
[----------] 1 test from DenseMatrix_Nested (0 ms total)

[----------] 1 test from DenseMatrix_CAPI
[ RUN      ] DenseMatrix_CAPI.CreateEmpty
[       OK ] DenseMatrix_CAPI.CreateEmpty (0 ms)
[----------] 1 test from DenseMatrix_CAPI (0 ms total)

[----------] 2 tests from DenseMatrix_Eigen
[ RUN      ] DenseMatrix_Eigen.Double_CompareWithEigen_isApprox
[       OK ] DenseMatrix_Eigen.Double_CompareWithEigen_isApprox (0 ms)
[ RUN      ] DenseMatrix_Eigen.Int_ExactEquality_AgainstEigen
[       OK ] DenseMatrix_Eigen.Int_ExactEquality_AgainstEigen (0 ms)
[----------] 2 tests from DenseMatrix_Eigen (0 ms total)

[----------] Global test environment tear-down
[==========] 12 tests from 4 test suites ran. (0 ms total)
[  PASSED  ] 12 tests.
Built target coverage
